{"level":"warn","message":"warn: Started the bot..."}
{"level":"info","message":"info: Slash Command Loaded: 247"}
{"level":"info","message":"info: Slash Command Loaded: autopause"}
{"level":"info","message":"info: Slash Command Loaded: autoqueue"}
{"level":"info","message":"info: Slash Command Loaded: clean"}
{"level":"info","message":"info: Slash Command Loaded: clear"}
{"level":"info","message":"info: Slash Command Loaded: filters"}
{"level":"info","message":"info: Slash Command Loaded: help"}
{"level":"info","message":"info: Slash Command Loaded: invite"}
{"level":"info","message":"info: Slash Command Loaded: loop"}
{"level":"info","message":"info: Slash Command Loaded: loopq"}
{"level":"info","message":"info: Slash Command Loaded: lyrics"}
{"level":"info","message":"info: Slash Command Loaded: move"}
{"level":"info","message":"info: Slash Command Loaded: nowplaying"}
{"level":"info","message":"info: Slash Command Loaded: pause"}
{"level":"info","message":"info: Slash Command Loaded: ping"}
{"level":"info","message":"info: Slash Command Loaded: play"}
{"level":"info","message":"info: Slash Command Loaded: previous"}
{"level":"info","message":"info: Slash Command Loaded: queue"}
{"level":"info","message":"info: Slash Command Loaded: reload"}
{"level":"info","message":"info: Slash Command Loaded: remove"}
{"level":"info","message":"info: Slash Command Loaded: replay"}
{"level":"info","message":"info: Slash Command Loaded: resume"}
{"level":"info","message":"info: Slash Command Loaded: save"}
{"level":"info","message":"info: Slash Command Loaded: search"}
{"level":"info","message":"info: Slash Command Loaded: seek"}
{"level":"info","message":"info: Slash Command Loaded: shuffle"}
{"level":"info","message":"info: Slash Command Loaded: skip"}
{"level":"info","message":"info: Slash Command Loaded: skipto"}
{"level":"info","message":"info: Slash Command Loaded: stats"}
{"level":"info","message":"info: Slash Command Loaded: stop"}
{"level":"info","message":"info: Slash Command Loaded: summon"}
{"level":"info","message":"info: Slash Command Loaded: volume"}
{"level":"info","message":"info: ContextMenu Loaded: hi"}
{"level":"warn","message":"warn: Event Loaded: interactionCreate"}
{"level":"warn","message":"warn: Event Loaded: messageCreate"}
{"level":"warn","message":"warn: Event Loaded: messageDelete"}
{"level":"warn","message":"warn: Event Loaded: raw"}
{"level":"warn","message":"warn: Event Loaded: ready"}
{"level":"warn","message":"warn: Event Loaded: voiceStateUpdate"}
{"level":"info","message":"info: Successfully Logged in as FAIAAA Music#4209"}
{"level":"info","message":"info: Node: Main Node | Lavalink node is connected."}
{"level":"warn","message":"warn: Player: 732696984775032922 | A wild player has been created in ΔΩΨ"}
{"level":"warn","message":"warn: Player: 732696984775032922 | Track has been started playing [\u001b[34mBad Bunny - Tití Me Preguntó (Letra / Lyrics)\u001b[39m]"}
{"level":"warn","message":"warn: Player: 732696984775032922 | Successfully stopped the player"}
{"level":"warn","message":"warn: Player: 732696984775032922 | Successfully stopped the player"}
{"level":"warn","message":"warn: Player: 732696984775032922 | A wild player has been destroyed in ΔΩΨ"}
{"level":"warn","message":"warn: Player: 732696984775032922 | A wild player has been created in ΔΩΨ"}
{"level":"warn","message":"warn: Player: 732696984775032922 | Track has been started playing [\u001b[34mBad Bunny - Efecto (Letra/Lyrics)\u001b[39m]"}
{"level":"warn","message":"warn: Player: 732696984775032922 | A wild player has been destroyed in ΔΩΨ"}
{"level":"warn","message":"warn: Started the bot..."}
{"level":"info","message":"info: Slash Command Loaded: 247"}
{"level":"info","message":"info: Slash Command Loaded: autopause"}
{"level":"info","message":"info: Slash Command Loaded: autoqueue"}
{"level":"info","message":"info: Slash Command Loaded: clean"}
{"level":"info","message":"info: Slash Command Loaded: clear"}
{"level":"info","message":"info: Slash Command Loaded: filters"}
{"level":"info","message":"info: Slash Command Loaded: help"}
{"level":"info","message":"info: Slash Command Loaded: invite"}
{"level":"info","message":"info: Slash Command Loaded: loop"}
{"level":"info","message":"info: Slash Command Loaded: loopq"}
{"level":"info","message":"info: Slash Command Loaded: lyrics"}
{"level":"info","message":"info: Slash Command Loaded: move"}
{"level":"info","message":"info: Slash Command Loaded: nowplaying"}
{"level":"info","message":"info: Slash Command Loaded: pause"}
{"level":"info","message":"info: Slash Command Loaded: ping"}
{"level":"info","message":"info: Slash Command Loaded: play"}
{"level":"info","message":"info: Slash Command Loaded: previous"}
{"level":"info","message":"info: Slash Command Loaded: queue"}
{"level":"info","message":"info: Slash Command Loaded: reload"}
{"level":"info","message":"info: Slash Command Loaded: remove"}
{"level":"info","message":"info: Slash Command Loaded: replay"}
{"level":"info","message":"info: Slash Command Loaded: resume"}
{"level":"info","message":"info: Slash Command Loaded: save"}
{"level":"info","message":"info: Slash Command Loaded: search"}
{"level":"info","message":"info: Slash Command Loaded: seek"}
{"level":"info","message":"info: Slash Command Loaded: shuffle"}
{"level":"info","message":"info: Slash Command Loaded: skip"}
{"level":"info","message":"info: Slash Command Loaded: skipto"}
{"level":"info","message":"info: Slash Command Loaded: stats"}
{"level":"info","message":"info: Slash Command Loaded: stop"}
{"level":"info","message":"info: Slash Command Loaded: summon"}
{"level":"info","message":"info: Slash Command Loaded: volume"}
{"level":"info","message":"info: ContextMenu Loaded: hi"}
{"level":"warn","message":"warn: Event Loaded: interactionCreate"}
{"level":"warn","message":"warn: Event Loaded: messageCreate"}
{"level":"warn","message":"warn: Event Loaded: messageDelete"}
{"level":"warn","message":"warn: Event Loaded: raw"}
{"level":"warn","message":"warn: Event Loaded: ready"}
{"level":"warn","message":"warn: Event Loaded: voiceStateUpdate"}
{"level":"info","message":"info: Successfully Logged in as FAIAAA Music#4209"}
{"level":"info","message":"info: Node: Main Node | Lavalink node is connected."}
{"level":"warn","message":"warn: Player: 732696984775032922 | A wild player has been created in ΔΩΨ"}
{"level":"warn","message":"warn: Node: Main Node | Lavalink node is disconnected."}
{"level":"warn","message":"warn: Node: Main Node | Lavalink node is reconnecting."}
{"level":"warn","message":"warn: Started the bot..."}
{"level":"info","message":"info: Slash Command Loaded: 247"}
{"level":"info","message":"info: Slash Command Loaded: autopause"}
{"level":"info","message":"info: Slash Command Loaded: autoqueue"}
{"level":"info","message":"info: Slash Command Loaded: clean"}
{"level":"info","message":"info: Slash Command Loaded: clear"}
{"level":"info","message":"info: Slash Command Loaded: filters"}
{"level":"info","message":"info: Slash Command Loaded: help"}
{"level":"info","message":"info: Slash Command Loaded: invite"}
{"level":"info","message":"info: Slash Command Loaded: loop"}
{"level":"info","message":"info: Slash Command Loaded: loopq"}
{"level":"info","message":"info: Slash Command Loaded: lyrics"}
{"level":"info","message":"info: Slash Command Loaded: move"}
{"level":"info","message":"info: Slash Command Loaded: nowplaying"}
{"level":"info","message":"info: Slash Command Loaded: pause"}
{"level":"info","message":"info: Slash Command Loaded: ping"}
{"level":"info","message":"info: Slash Command Loaded: play"}
{"level":"info","message":"info: Slash Command Loaded: previous"}
{"level":"info","message":"info: Slash Command Loaded: queue"}
{"level":"info","message":"info: Slash Command Loaded: reload"}
{"level":"info","message":"info: Slash Command Loaded: remove"}
{"level":"info","message":"info: Slash Command Loaded: replay"}
{"level":"info","message":"info: Slash Command Loaded: resume"}
{"level":"info","message":"info: Slash Command Loaded: save"}
{"level":"info","message":"info: Slash Command Loaded: search"}
{"level":"info","message":"info: Slash Command Loaded: seek"}
{"level":"info","message":"info: Slash Command Loaded: shuffle"}
{"level":"info","message":"info: Slash Command Loaded: skip"}
{"level":"info","message":"info: Slash Command Loaded: skipto"}
{"level":"info","message":"info: Slash Command Loaded: stats"}
{"level":"info","message":"info: Slash Command Loaded: stop"}
{"level":"info","message":"info: Slash Command Loaded: summon"}
{"level":"info","message":"info: Slash Command Loaded: volume"}
{"level":"info","message":"info: ContextMenu Loaded: hi"}
{"level":"warn","message":"warn: Event Loaded: interactionCreate"}
{"level":"warn","message":"warn: Event Loaded: messageCreate"}
{"level":"warn","message":"warn: Event Loaded: messageDelete"}
{"level":"warn","message":"warn: Event Loaded: raw"}
{"level":"warn","message":"warn: Event Loaded: ready"}
{"level":"warn","message":"warn: Event Loaded: voiceStateUpdate"}
{"level":"info","message":"info: Successfully Logged in as FAIAAA Music#4209"}
{"level":"info","message":"info: Node: Main Node | Lavalink node is connected."}
{"level":"warn","message":"warn: Player: 732696984775032922 | A wild player has been created in ΔΩΨ"}
{"level":"warn","message":"warn: Player: 732696984775032922 | Track has been started playing [\u001b[34mQUEVEDO || BZRP Music Sessions #52 \ud83d\udd25| LETRA\u001b[39m]"}
{"level":"warn","message":"warn: Player: 732696984775032922 | Successfully paused the player"}
{"level":"warn","message":"warn: Started the bot..."}
{"level":"info","message":"info: Slash Command Loaded: 247"}
{"level":"info","message":"info: Slash Command Loaded: autopause"}
{"level":"info","message":"info: Slash Command Loaded: autoqueue"}
{"level":"info","message":"info: Slash Command Loaded: clean"}
{"level":"info","message":"info: Slash Command Loaded: clear"}
{"level":"info","message":"info: Slash Command Loaded: filters"}
{"level":"info","message":"info: Slash Command Loaded: help"}
{"level":"info","message":"info: Slash Command Loaded: invite"}
{"level":"info","message":"info: Slash Command Loaded: loop"}
{"level":"info","message":"info: Slash Command Loaded: loopq"}
{"level":"info","message":"info: Slash Command Loaded: lyrics"}
{"level":"info","message":"info: Slash Command Loaded: move"}
{"level":"info","message":"info: Slash Command Loaded: nowplaying"}
{"level":"info","message":"info: Slash Command Loaded: pause"}
{"level":"info","message":"info: Slash Command Loaded: ping"}
{"level":"info","message":"info: Slash Command Loaded: play"}
{"level":"info","message":"info: Slash Command Loaded: previous"}
{"level":"info","message":"info: Slash Command Loaded: queue"}
{"level":"info","message":"info: Slash Command Loaded: reload"}
{"level":"info","message":"info: Slash Command Loaded: remove"}
{"level":"info","message":"info: Slash Command Loaded: replay"}
{"level":"info","message":"info: Slash Command Loaded: resume"}
{"level":"info","message":"info: Slash Command Loaded: save"}
{"level":"info","message":"info: Slash Command Loaded: search"}
{"level":"info","message":"info: Slash Command Loaded: seek"}
{"level":"info","message":"info: Slash Command Loaded: shuffle"}
{"level":"info","message":"info: Slash Command Loaded: skip"}
{"level":"info","message":"info: Slash Command Loaded: skipto"}
{"level":"info","message":"info: Slash Command Loaded: stats"}
{"level":"info","message":"info: Slash Command Loaded: stop"}
{"level":"info","message":"info: Slash Command Loaded: summon"}
{"level":"info","message":"info: Slash Command Loaded: volume"}
{"level":"info","message":"info: ContextMenu Loaded: hi"}
{"level":"warn","message":"warn: Event Loaded: interactionCreate"}
{"level":"warn","message":"warn: Event Loaded: messageCreate"}
{"level":"warn","message":"warn: Event Loaded: messageDelete"}
{"level":"warn","message":"warn: Event Loaded: raw"}
{"level":"warn","message":"warn: Event Loaded: ready"}
{"level":"warn","message":"warn: Event Loaded: voiceStateUpdate"}
{"level":"info","message":"info: Successfully Logged in as FAIAAA Music#4209"}
{"level":"info","message":"info: Node: Main Node | Lavalink node is connected."}
{"level":"warn","message":"warn: Started the bot..."}
{"level":"info","message":"info: Slash Command Loaded: 247"}
{"level":"info","message":"info: Slash Command Loaded: autopause"}
{"level":"info","message":"info: Slash Command Loaded: autoqueue"}
{"level":"info","message":"info: Slash Command Loaded: clean"}
{"level":"info","message":"info: Slash Command Loaded: clear"}
{"level":"info","message":"info: Slash Command Loaded: filters"}
{"level":"info","message":"info: Slash Command Loaded: help"}
{"level":"info","message":"info: Slash Command Loaded: invite"}
{"level":"info","message":"info: Slash Command Loaded: loop"}
{"level":"info","message":"info: Slash Command Loaded: loopq"}
{"level":"info","message":"info: Slash Command Loaded: lyrics"}
{"level":"info","message":"info: Slash Command Loaded: move"}
{"level":"info","message":"info: Slash Command Loaded: nowplaying"}
{"level":"info","message":"info: Slash Command Loaded: pause"}
{"level":"info","message":"info: Slash Command Loaded: ping"}
{"level":"info","message":"info: Slash Command Loaded: play"}
{"level":"info","message":"info: Slash Command Loaded: previous"}
{"level":"info","message":"info: Slash Command Loaded: queue"}
{"level":"info","message":"info: Slash Command Loaded: reload"}
{"level":"info","message":"info: Slash Command Loaded: remove"}
{"level":"info","message":"info: Slash Command Loaded: replay"}
{"level":"info","message":"info: Slash Command Loaded: resume"}
{"level":"info","message":"info: Slash Command Loaded: save"}
{"level":"info","message":"info: Slash Command Loaded: search"}
{"level":"info","message":"info: Slash Command Loaded: seek"}
{"level":"info","message":"info: Slash Command Loaded: shuffle"}
{"level":"info","message":"info: Slash Command Loaded: skip"}
{"level":"info","message":"info: Slash Command Loaded: skipto"}
{"level":"info","message":"info: Slash Command Loaded: stats"}
{"level":"info","message":"info: Slash Command Loaded: stop"}
{"level":"info","message":"info: Slash Command Loaded: summon"}
{"level":"info","message":"info: Slash Command Loaded: volume"}
{"level":"info","message":"info: ContextMenu Loaded: hi"}
{"level":"warn","message":"warn: Event Loaded: interactionCreate"}
{"level":"warn","message":"warn: Event Loaded: messageCreate"}
{"level":"warn","message":"warn: Event Loaded: messageDelete"}
{"level":"warn","message":"warn: Event Loaded: raw"}
{"level":"warn","message":"warn: Event Loaded: ready"}
{"level":"warn","message":"warn: Event Loaded: voiceStateUpdate"}
{"level":"info","message":"info: Successfully Logged in as FAIAAA Music#4209"}
{"level":"info","message":"info: Node: Main Node | Lavalink node is connected."}
{"level":"warn","message":"warn: Started the bot..."}
{"level":"info","message":"info: Slash Command Loaded: 247"}
{"level":"info","message":"info: Slash Command Loaded: autopause"}
{"level":"info","message":"info: Slash Command Loaded: autoqueue"}
{"level":"info","message":"info: Slash Command Loaded: clean"}
{"level":"info","message":"info: Slash Command Loaded: clear"}
{"level":"info","message":"info: Slash Command Loaded: filters"}
{"level":"info","message":"info: Slash Command Loaded: help"}
{"level":"info","message":"info: Slash Command Loaded: invite"}
{"level":"info","message":"info: Slash Command Loaded: loop"}
{"level":"info","message":"info: Slash Command Loaded: loopq"}
{"level":"info","message":"info: Slash Command Loaded: lyrics"}
{"level":"info","message":"info: Slash Command Loaded: move"}
{"level":"info","message":"info: Slash Command Loaded: nowplaying"}
{"level":"info","message":"info: Slash Command Loaded: pause"}
{"level":"info","message":"info: Slash Command Loaded: ping"}
{"level":"info","message":"info: Slash Command Loaded: play"}
{"level":"info","message":"info: Slash Command Loaded: previous"}
{"level":"info","message":"info: Slash Command Loaded: queue"}
{"level":"info","message":"info: Slash Command Loaded: reload"}
{"level":"info","message":"info: Slash Command Loaded: remove"}
{"level":"info","message":"info: Slash Command Loaded: replay"}
{"level":"info","message":"info: Slash Command Loaded: resume"}
{"level":"info","message":"info: Slash Command Loaded: save"}
{"level":"info","message":"info: Slash Command Loaded: search"}
{"level":"info","message":"info: Slash Command Loaded: seek"}
{"level":"info","message":"info: Slash Command Loaded: shuffle"}
{"level":"info","message":"info: Slash Command Loaded: skip"}
{"level":"info","message":"info: Slash Command Loaded: skipto"}
{"level":"info","message":"info: Slash Command Loaded: stats"}
{"level":"info","message":"info: Slash Command Loaded: stop"}
{"level":"info","message":"info: Slash Command Loaded: summon"}
{"level":"info","message":"info: Slash Command Loaded: volume"}
{"level":"info","message":"info: ContextMenu Loaded: hi"}
{"level":"warn","message":"warn: Event Loaded: interactionCreate"}
{"level":"warn","message":"warn: Event Loaded: messageCreate"}
{"level":"warn","message":"warn: Event Loaded: messageDelete"}
{"level":"warn","message":"warn: Event Loaded: raw"}
{"level":"warn","message":"warn: Event Loaded: ready"}
{"level":"warn","message":"warn: Event Loaded: voiceStateUpdate"}
{"level":"info","message":"info: Successfully Logged in as FAIAAA Music#4209"}
{"level":"info","message":"info: Node: Main Node | Lavalink node is connected."}
{"level":"warn","message":"warn: Player: 732696984775032922 | A wild player has been created in ΔΩΨ"}
{"level":"warn","message":"warn: Player: 732696984775032922 | Track has been started playing [\u001b[34mBad Bunny - Efecto (Letra/Lyrics)\u001b[39m]"}
{"level":"warn","message":"warn: Player: 732696984775032922 | Successfully paused the player"}
{"level":"warn","message":"warn: Player: 732696984775032922 | Successfully resumed the player"}
{"level":"warn","message":"warn: Player: 732696984775032922 | Track has been started playing [\u001b[34mBad Bunny - Tití Me Preguntó (Letra / Lyrics)\u001b[39m]"}
{"level":"warn","message":"warn: Player: 732696984775032922 | A wild player has been destroyed in ΔΩΨ"}
{"level":"warn","message":"warn: Started the bot..."}
{"level":"info","message":"info: Slash Command Loaded: 247"}
{"level":"info","message":"info: Slash Command Loaded: autopause"}
{"level":"info","message":"info: Slash Command Loaded: autoqueue"}
{"level":"info","message":"info: Slash Command Loaded: clean"}
{"level":"info","message":"info: Slash Command Loaded: clear"}
{"level":"info","message":"info: Slash Command Loaded: filters"}
{"level":"info","message":"info: Slash Command Loaded: help"}
{"level":"info","message":"info: Slash Command Loaded: invite"}
{"level":"info","message":"info: Slash Command Loaded: loop"}
{"level":"info","message":"info: Slash Command Loaded: loopq"}
{"level":"info","message":"info: Slash Command Loaded: lyrics"}
{"level":"info","message":"info: Slash Command Loaded: move"}
{"level":"info","message":"info: Slash Command Loaded: nowplaying"}
{"level":"info","message":"info: Slash Command Loaded: pause"}
{"level":"info","message":"info: Slash Command Loaded: ping"}
{"level":"info","message":"info: Slash Command Loaded: play"}
{"level":"info","message":"info: Slash Command Loaded: previous"}
{"level":"info","message":"info: Slash Command Loaded: queue"}
{"level":"info","message":"info: Slash Command Loaded: reload"}
{"level":"info","message":"info: Slash Command Loaded: remove"}
{"level":"info","message":"info: Slash Command Loaded: replay"}
{"level":"info","message":"info: Slash Command Loaded: resume"}
{"level":"info","message":"info: Slash Command Loaded: save"}
{"level":"info","message":"info: Slash Command Loaded: search"}
{"level":"info","message":"info: Slash Command Loaded: seek"}
{"level":"info","message":"info: Slash Command Loaded: shuffle"}
{"level":"info","message":"info: Slash Command Loaded: skip"}
{"level":"info","message":"info: Slash Command Loaded: skipto"}
{"level":"info","message":"info: Slash Command Loaded: stats"}
{"level":"info","message":"info: Slash Command Loaded: stop"}
{"level":"info","message":"info: Slash Command Loaded: summon"}
{"level":"info","message":"info: Slash Command Loaded: volume"}
{"level":"info","message":"info: ContextMenu Loaded: hi"}
{"level":"warn","message":"warn: Event Loaded: interactionCreate"}
{"level":"warn","message":"warn: Event Loaded: messageCreate"}
{"level":"warn","message":"warn: Event Loaded: messageDelete"}
{"level":"warn","message":"warn: Event Loaded: raw"}
{"level":"warn","message":"warn: Event Loaded: ready"}
{"level":"warn","message":"warn: Event Loaded: voiceStateUpdate"}
{"level":"info","message":"info: Successfully Logged in as FAIAAA Music#4209"}
{"level":"info","message":"info: Node: Main Node | Lavalink node is connected."}
{"level":"warn","message":"warn: Started the bot..."}
{"level":"info","message":"info: Slash Command Loaded: 247"}
{"level":"info","message":"info: Slash Command Loaded: autopause"}
{"level":"info","message":"info: Slash Command Loaded: autoqueue"}
{"level":"info","message":"info: Slash Command Loaded: clean"}
{"level":"info","message":"info: Slash Command Loaded: clear"}
{"level":"info","message":"info: Slash Command Loaded: filters"}
{"level":"info","message":"info: Slash Command Loaded: help"}
{"level":"info","message":"info: Slash Command Loaded: invite"}
{"level":"info","message":"info: Slash Command Loaded: loop"}
{"level":"info","message":"info: Slash Command Loaded: loopq"}
{"level":"info","message":"info: Slash Command Loaded: lyrics"}
{"level":"info","message":"info: Slash Command Loaded: move"}
{"level":"info","message":"info: Slash Command Loaded: nowplaying"}
{"level":"info","message":"info: Slash Command Loaded: pause"}
{"level":"info","message":"info: Slash Command Loaded: ping"}
{"level":"info","message":"info: Slash Command Loaded: play"}
{"level":"info","message":"info: Slash Command Loaded: previous"}
{"level":"info","message":"info: Slash Command Loaded: queue"}
{"level":"info","message":"info: Slash Command Loaded: reload"}
{"level":"info","message":"info: Slash Command Loaded: remove"}
{"level":"info","message":"info: Slash Command Loaded: replay"}
{"level":"info","message":"info: Slash Command Loaded: resume"}
{"level":"info","message":"info: Slash Command Loaded: save"}
{"level":"info","message":"info: Slash Command Loaded: search"}
{"level":"info","message":"info: Slash Command Loaded: seek"}
{"level":"info","message":"info: Slash Command Loaded: shuffle"}
{"level":"info","message":"info: Slash Command Loaded: skip"}
{"level":"info","message":"info: Slash Command Loaded: skipto"}
{"level":"info","message":"info: Slash Command Loaded: stats"}
{"level":"info","message":"info: Slash Command Loaded: stop"}
{"level":"info","message":"info: Slash Command Loaded: summon"}
{"level":"info","message":"info: Slash Command Loaded: volume"}
{"level":"info","message":"info: ContextMenu Loaded: hi"}
{"level":"warn","message":"warn: Event Loaded: interactionCreate"}
{"level":"warn","message":"warn: Event Loaded: messageCreate"}
{"level":"warn","message":"warn: Event Loaded: messageDelete"}
{"level":"warn","message":"warn: Event Loaded: raw"}
{"level":"warn","message":"warn: Event Loaded: ready"}
{"level":"warn","message":"warn: Event Loaded: voiceStateUpdate"}
{"level":"info","message":"info: Successfully Logged in as FAIAAA Music#4209"}
{"level":"info","message":"info: Node: Main Node | Lavalink node is connected."}
{"level":"warn","message":"warn: Started the bot..."}
{"level":"info","message":"info: Slash Command Loaded: 247"}
{"level":"info","message":"info: Slash Command Loaded: autopause"}
{"level":"info","message":"info: Slash Command Loaded: autoqueue"}
{"level":"info","message":"info: Slash Command Loaded: clean"}
{"level":"info","message":"info: Slash Command Loaded: clear"}
{"level":"info","message":"info: Slash Command Loaded: filters"}
{"level":"info","message":"info: Slash Command Loaded: help"}
{"level":"info","message":"info: Slash Command Loaded: invite"}
{"level":"info","message":"info: Slash Command Loaded: loop"}
{"level":"info","message":"info: Slash Command Loaded: loopq"}
{"level":"info","message":"info: Slash Command Loaded: lyrics"}
{"level":"info","message":"info: Slash Command Loaded: move"}
{"level":"info","message":"info: Slash Command Loaded: nowplaying"}
{"level":"info","message":"info: Slash Command Loaded: pause"}
{"level":"info","message":"info: Slash Command Loaded: ping"}
{"level":"info","message":"info: Slash Command Loaded: play"}
{"level":"info","message":"info: Slash Command Loaded: previous"}
{"level":"info","message":"info: Slash Command Loaded: queue"}
{"level":"info","message":"info: Slash Command Loaded: reload"}
{"level":"info","message":"info: Slash Command Loaded: remove"}
{"level":"info","message":"info: Slash Command Loaded: replay"}
{"level":"info","message":"info: Slash Command Loaded: resume"}
{"level":"info","message":"info: Slash Command Loaded: save"}
{"level":"info","message":"info: Slash Command Loaded: search"}
{"level":"info","message":"info: Slash Command Loaded: seek"}
{"level":"info","message":"info: Slash Command Loaded: shuffle"}
{"level":"info","message":"info: Slash Command Loaded: skip"}
{"level":"info","message":"info: Slash Command Loaded: skipto"}
{"level":"info","message":"info: Slash Command Loaded: stats"}
{"level":"info","message":"info: Slash Command Loaded: stop"}
{"level":"info","message":"info: Slash Command Loaded: summon"}
{"level":"info","message":"info: Slash Command Loaded: volume"}
{"level":"info","message":"info: ContextMenu Loaded: hi"}
{"level":"warn","message":"warn: Event Loaded: interactionCreate"}
{"level":"warn","message":"warn: Event Loaded: messageCreate"}
{"level":"warn","message":"warn: Event Loaded: messageDelete"}
{"level":"warn","message":"warn: Event Loaded: raw"}
{"level":"warn","message":"warn: Event Loaded: ready"}
{"level":"warn","message":"warn: Event Loaded: voiceStateUpdate"}
{"level":"info","message":"info: Successfully Logged in as FAIAAA Music#4209"}
{"level":"info","message":"info: Node: Main Node | Lavalink node is connected."}
{"level":"warn","message":"warn: Player: 732696984775032922 | A wild player has been created in ΔΩΨ"}
{"level":"warn","message":"warn: Player: 732696984775032922 | Track has been started playing [\u001b[34mQUEVEDO || BZRP Music Sessions #52 \ud83d\udd25| LETRA\u001b[39m]"}
{"level":"warn","message":"warn: Player: 732696984775032922 | Track has been started playing [\u001b[34mTito Silva x Tefi C - Mi Bebito Fiu Fiu (Letra/Lyrics)\u001b[39m]"}
{"level":"warn","message":"warn: Player: 732696984775032922 | Still playing"}
{"level":"warn","message":"warn: Started the bot..."}
{"level":"info","message":"info: Slash Command Loaded: 247"}
{"level":"info","message":"info: Slash Command Loaded: autopause"}
{"level":"info","message":"info: Slash Command Loaded: autoqueue"}
{"level":"info","message":"info: Slash Command Loaded: clean"}
{"level":"info","message":"info: Slash Command Loaded: clear"}
{"level":"info","message":"info: Slash Command Loaded: filters"}
{"level":"info","message":"info: Slash Command Loaded: help"}
{"level":"info","message":"info: Slash Command Loaded: invite"}
{"level":"info","message":"info: Slash Command Loaded: loop"}
{"level":"info","message":"info: Slash Command Loaded: loopq"}
{"level":"info","message":"info: Slash Command Loaded: lyrics"}
{"level":"info","message":"info: Slash Command Loaded: move"}
{"level":"info","message":"info: Slash Command Loaded: nowplaying"}
{"level":"info","message":"info: Slash Command Loaded: pause"}
{"level":"info","message":"info: Slash Command Loaded: ping"}
{"level":"info","message":"info: Slash Command Loaded: play"}
{"level":"info","message":"info: Slash Command Loaded: previous"}
{"level":"info","message":"info: Slash Command Loaded: queue"}
{"level":"info","message":"info: Slash Command Loaded: reload"}
{"level":"info","message":"info: Slash Command Loaded: remove"}
{"level":"info","message":"info: Slash Command Loaded: replay"}
{"level":"info","message":"info: Slash Command Loaded: resume"}
{"level":"info","message":"info: Slash Command Loaded: save"}
{"level":"info","message":"info: Slash Command Loaded: search"}
{"level":"info","message":"info: Slash Command Loaded: seek"}
{"level":"info","message":"info: Slash Command Loaded: shuffle"}
{"level":"info","message":"info: Slash Command Loaded: skip"}
{"level":"info","message":"info: Slash Command Loaded: skipto"}
{"level":"info","message":"info: Slash Command Loaded: stats"}
{"level":"info","message":"info: Slash Command Loaded: stop"}
{"level":"info","message":"info: Slash Command Loaded: summon"}
{"level":"info","message":"info: Slash Command Loaded: volume"}
{"level":"info","message":"info: ContextMenu Loaded: hi"}
{"level":"warn","message":"warn: Event Loaded: interactionCreate"}
{"level":"warn","message":"warn: Event Loaded: messageCreate"}
{"level":"warn","message":"warn: Event Loaded: messageDelete"}
{"level":"warn","message":"warn: Event Loaded: raw"}
{"level":"warn","message":"warn: Event Loaded: ready"}
{"level":"warn","message":"warn: Event Loaded: voiceStateUpdate"}
{"level":"info","message":"info: Successfully Logged in as FAIAAA Music#4209"}
{"level":"info","message":"info: Node: Main Node | Lavalink node is connected."}
{"level":"warn","message":"warn: Player: 732696984775032922 | A wild player has been created in ΔΩΨ"}
{"level":"warn","message":"warn: Player: 732696984775032922 | Track has been started playing [\u001b[34mBad Bunny, Bomba Estéreo - Ojitos Lindos (Letras)\u001b[39m]"}
{"level":"warn","message":"warn: Player: 732696984775032922 | A wild player has been destroyed in ΔΩΨ"}
{"level":"warn","message":"warn: Started the bot..."}
{"level":"info","message":"info: Slash Command Loaded: 247"}
{"level":"info","message":"info: Slash Command Loaded: autopause"}
{"level":"info","message":"info: Slash Command Loaded: autoqueue"}
{"level":"info","message":"info: Slash Command Loaded: clean"}
{"level":"info","message":"info: Slash Command Loaded: clear"}
{"level":"info","message":"info: Slash Command Loaded: filters"}
{"level":"info","message":"info: Slash Command Loaded: help"}
{"level":"info","message":"info: Slash Command Loaded: invite"}
{"level":"info","message":"info: Slash Command Loaded: loop"}
{"level":"info","message":"info: Slash Command Loaded: loopq"}
{"level":"info","message":"info: Slash Command Loaded: lyrics"}
{"level":"info","message":"info: Slash Command Loaded: move"}
{"level":"info","message":"info: Slash Command Loaded: nowplaying"}
{"level":"info","message":"info: Slash Command Loaded: pause"}
{"level":"info","message":"info: Slash Command Loaded: ping"}
{"level":"info","message":"info: Slash Command Loaded: play"}
{"level":"info","message":"info: Slash Command Loaded: previous"}
{"level":"info","message":"info: Slash Command Loaded: queue"}
{"level":"info","message":"info: Slash Command Loaded: reload"}
{"level":"info","message":"info: Slash Command Loaded: remove"}
{"level":"info","message":"info: Slash Command Loaded: replay"}
{"level":"info","message":"info: Slash Command Loaded: resume"}
{"level":"info","message":"info: Slash Command Loaded: save"}
{"level":"info","message":"info: Slash Command Loaded: search"}
{"level":"info","message":"info: Slash Command Loaded: seek"}
{"level":"info","message":"info: Slash Command Loaded: shuffle"}
{"level":"info","message":"info: Slash Command Loaded: skip"}
{"level":"info","message":"info: Slash Command Loaded: skipto"}
{"level":"info","message":"info: Slash Command Loaded: stats"}
{"level":"info","message":"info: Slash Command Loaded: stop"}
{"level":"info","message":"info: Slash Command Loaded: summon"}
{"level":"info","message":"info: Slash Command Loaded: volume"}
{"level":"info","message":"info: ContextMenu Loaded: hi"}
{"level":"warn","message":"warn: Event Loaded: interactionCreate"}
{"level":"warn","message":"warn: Event Loaded: messageCreate"}
{"level":"warn","message":"warn: Event Loaded: messageDelete"}
{"level":"warn","message":"warn: Event Loaded: raw"}
{"level":"warn","message":"warn: Event Loaded: ready"}
{"level":"warn","message":"warn: Event Loaded: voiceStateUpdate"}
{"level":"info","message":"info: Successfully Logged in as FAIAAA Music#4209"}
{"level":"warn","message":"warn: Started the bot..."}
{"level":"info","message":"info: Slash Command Loaded: 247"}
{"level":"info","message":"info: Slash Command Loaded: autopause"}
{"level":"info","message":"info: Slash Command Loaded: autoqueue"}
{"level":"info","message":"info: Slash Command Loaded: clean"}
{"level":"info","message":"info: Slash Command Loaded: clear"}
{"level":"info","message":"info: Slash Command Loaded: filters"}
{"level":"info","message":"info: Slash Command Loaded: help"}
{"level":"info","message":"info: Slash Command Loaded: invite"}
{"level":"info","message":"info: Slash Command Loaded: loop"}
{"level":"info","message":"info: Slash Command Loaded: loopq"}
{"level":"info","message":"info: Slash Command Loaded: lyrics"}
{"level":"info","message":"info: Slash Command Loaded: move"}
{"level":"info","message":"info: Slash Command Loaded: nowplaying"}
{"level":"info","message":"info: Slash Command Loaded: pause"}
{"level":"info","message":"info: Slash Command Loaded: ping"}
{"level":"info","message":"info: Slash Command Loaded: play"}
{"level":"info","message":"info: Slash Command Loaded: previous"}
{"level":"info","message":"info: Slash Command Loaded: queue"}
{"level":"info","message":"info: Slash Command Loaded: reload"}
{"level":"info","message":"info: Slash Command Loaded: remove"}
{"level":"info","message":"info: Slash Command Loaded: replay"}
{"level":"info","message":"info: Slash Command Loaded: resume"}
{"level":"info","message":"info: Slash Command Loaded: save"}
{"level":"info","message":"info: Slash Command Loaded: search"}
{"level":"info","message":"info: Slash Command Loaded: seek"}
{"level":"info","message":"info: Slash Command Loaded: shuffle"}
{"level":"info","message":"info: Slash Command Loaded: skip"}
{"level":"info","message":"info: Slash Command Loaded: skipto"}
{"level":"info","message":"info: Slash Command Loaded: stats"}
{"level":"info","message":"info: Slash Command Loaded: stop"}
{"level":"info","message":"info: Slash Command Loaded: summon"}
{"level":"info","message":"info: Slash Command Loaded: volume"}
{"level":"info","message":"info: ContextMenu Loaded: hi"}
{"level":"warn","message":"warn: Event Loaded: interactionCreate"}
{"level":"warn","message":"warn: Event Loaded: messageCreate"}
{"level":"warn","message":"warn: Event Loaded: messageDelete"}
{"level":"warn","message":"warn: Event Loaded: raw"}
{"level":"warn","message":"warn: Event Loaded: ready"}
{"level":"warn","message":"warn: Event Loaded: voiceStateUpdate"}
{"level":"info","message":"info: Successfully Logged in as FAIAAA Music#4209"}
{"level":"info","message":"info: Node: Main Node | Lavalink node is connected."}
{"level":"warn","message":"warn: Player: 732696984775032922 | A wild player has been created in ΔΩΨ"}
{"level":"warn","message":"warn: Player: 732696984775032922 | Track has been started playing [\u001b[34mQUEVEDO || BZRP Music Sessions #52 \ud83d\udd25| LETRA\u001b[39m]"}
{"level":"warn","message":"warn: Player: 732696984775032922 | Track has been started playing [\u001b[34mQUEVEDO || BZRP Music Sessions #52\u001b[39m]"}
{"level":"warn","message":"warn: Player: 732696984775032922 | Still playing"}
{"level":"warn","message":"warn: Started the bot..."}
{"level":"info","message":"info: Slash Command Loaded: 247"}
{"level":"info","message":"info: Slash Command Loaded: autopause"}
{"level":"info","message":"info: Slash Command Loaded: autoqueue"}
{"level":"info","message":"info: Slash Command Loaded: clean"}
{"level":"info","message":"info: Slash Command Loaded: clear"}
{"level":"info","message":"info: Slash Command Loaded: filters"}
{"level":"info","message":"info: Slash Command Loaded: help"}
{"level":"info","message":"info: Slash Command Loaded: invite"}
{"level":"info","message":"info: Slash Command Loaded: loop"}
{"level":"info","message":"info: Slash Command Loaded: loopq"}
{"level":"info","message":"info: Slash Command Loaded: lyrics"}
{"level":"info","message":"info: Slash Command Loaded: move"}
{"level":"info","message":"info: Slash Command Loaded: nowplaying"}
{"level":"info","message":"info: Slash Command Loaded: pause"}
{"level":"info","message":"info: Slash Command Loaded: ping"}
{"level":"info","message":"info: Slash Command Loaded: play"}
{"level":"info","message":"info: Slash Command Loaded: previous"}
{"level":"info","message":"info: Slash Command Loaded: queue"}
{"level":"info","message":"info: Slash Command Loaded: reload"}
{"level":"info","message":"info: Slash Command Loaded: remove"}
{"level":"info","message":"info: Slash Command Loaded: replay"}
{"level":"info","message":"info: Slash Command Loaded: resume"}
{"level":"info","message":"info: Slash Command Loaded: save"}
{"level":"info","message":"info: Slash Command Loaded: search"}
{"level":"info","message":"info: Slash Command Loaded: seek"}
{"level":"info","message":"info: Slash Command Loaded: shuffle"}
{"level":"info","message":"info: Slash Command Loaded: skip"}
{"level":"info","message":"info: Slash Command Loaded: skipto"}
{"level":"info","message":"info: Slash Command Loaded: stats"}
{"level":"info","message":"info: Slash Command Loaded: stop"}
{"level":"info","message":"info: Slash Command Loaded: summon"}
{"level":"info","message":"info: Slash Command Loaded: volume"}
{"level":"info","message":"info: ContextMenu Loaded: hi"}
{"level":"warn","message":"warn: Event Loaded: interactionCreate"}
{"level":"warn","message":"warn: Event Loaded: messageCreate"}
{"level":"warn","message":"warn: Event Loaded: messageDelete"}
{"level":"warn","message":"warn: Event Loaded: raw"}
{"level":"warn","message":"warn: Event Loaded: ready"}
{"level":"warn","message":"warn: Event Loaded: voiceStateUpdate"}
{"level":"info","message":"info: Successfully Logged in as FAIAAA Music#4209"}
{"level":"info","message":"info: Node: Main Node | Lavalink node is connected."}
{"level":"warn","message":"warn: Player: 732696984775032922 | A wild player has been created in ΔΩΨ"}
{"level":"warn","message":"warn: Player: 732696984775032922 | Track has been started playing [\u001b[34mQUEVEDO || BZRP Music Sessions #52\u001b[39m]"}
{"level":"warn","message":"warn: Started the bot..."}
{"level":"info","message":"info: Slash Command Loaded: 247"}
{"level":"info","message":"info: Slash Command Loaded: autopause"}
{"level":"info","message":"info: Slash Command Loaded: autoqueue"}
{"level":"info","message":"info: Slash Command Loaded: clean"}
{"level":"info","message":"info: Slash Command Loaded: clear"}
{"level":"info","message":"info: Slash Command Loaded: filters"}
{"level":"info","message":"info: Slash Command Loaded: help"}
{"level":"info","message":"info: Slash Command Loaded: invite"}
{"level":"info","message":"info: Slash Command Loaded: loop"}
{"level":"info","message":"info: Slash Command Loaded: loopq"}
{"level":"info","message":"info: Slash Command Loaded: lyrics"}
{"level":"info","message":"info: Slash Command Loaded: move"}
{"level":"info","message":"info: Slash Command Loaded: nowplaying"}
{"level":"info","message":"info: Slash Command Loaded: pause"}
{"level":"info","message":"info: Slash Command Loaded: ping"}
{"level":"info","message":"info: Slash Command Loaded: play"}
{"level":"info","message":"info: Slash Command Loaded: previous"}
{"level":"info","message":"info: Slash Command Loaded: queue"}
{"level":"info","message":"info: Slash Command Loaded: reload"}
{"level":"info","message":"info: Slash Command Loaded: remove"}
{"level":"info","message":"info: Slash Command Loaded: replay"}
{"level":"info","message":"info: Slash Command Loaded: resume"}
{"level":"info","message":"info: Slash Command Loaded: save"}
{"level":"info","message":"info: Slash Command Loaded: search"}
{"level":"info","message":"info: Slash Command Loaded: seek"}
{"level":"info","message":"info: Slash Command Loaded: shuffle"}
{"level":"info","message":"info: Slash Command Loaded: skip"}
{"level":"info","message":"info: Slash Command Loaded: skipto"}
{"level":"info","message":"info: Slash Command Loaded: stats"}
{"level":"info","message":"info: Slash Command Loaded: stop"}
{"level":"info","message":"info: Slash Command Loaded: summon"}
{"level":"info","message":"info: Slash Command Loaded: volume"}
{"level":"info","message":"info: ContextMenu Loaded: hi"}
{"level":"warn","message":"warn: Event Loaded: interactionCreate"}
{"level":"warn","message":"warn: Event Loaded: messageCreate"}
{"level":"warn","message":"warn: Event Loaded: messageDelete"}
{"level":"warn","message":"warn: Event Loaded: raw"}
{"level":"warn","message":"warn: Event Loaded: ready"}
{"level":"warn","message":"warn: Event Loaded: voiceStateUpdate"}
{"level":"info","message":"info: Successfully Logged in as FAIAAA Music#4209"}
{"level":"info","message":"info: Node: Main Node | Lavalink node is connected."}
{"level":"warn","message":"warn: Player: 732696984775032922 | A wild player has been created in ΔΩΨ"}
{"level":"warn","message":"warn: Player: 732696984775032922 | Track has been started playing [\u001b[34mQUEVEDO || BZRP Music Sessions #52\u001b[39m]"}
{"level":"warn","message":"warn: Player: 732696984775032922 | Track has been started playing [\u001b[34mQUEVEDO || BZRP Music Sessions #52\u001b[39m]"}
{"level":"warn","message":"warn: Player: 732696984775032922 | Track has been started playing [\u001b[34mQUEVEDO || BZRP Music Sessions #52 \ud83d\udd25| LETRA\u001b[39m]"}
{"level":"warn","message":"warn: Player: 732696984775032922 | Still playing"}
{"level":"warn","message":"warn: Player: 732696984775032922 | A wild player has been destroyed in ΔΩΨ"}
{"level":"warn","message":"warn: Player: 732696984775032922 | A wild player has been created in ΔΩΨ"}
{"level":"warn","message":"warn: Player: 732696984775032922 | Track has been started playing [\u001b[34mQUEVEDO || BZRP Music Sessions #52\u001b[39m]"}
{"level":"warn","message":"warn: Player: 732696984775032922 | A wild player has been destroyed in ΔΩΨ"}
{"level":"warn","message":"warn: Player: 732696984775032922 | A wild player has been created in ΔΩΨ"}
{"level":"warn","message":"warn: Player: 732696984775032922 | Track has been started playing [\u001b[34mNatanael Cano x Steve Aoki - NataAoki\u001b[39m]"}
{"level":"warn","message":"warn: Player: 732696984775032922 | A wild player has been destroyed in ΔΩΨ"}
{"level":"warn","message":"warn: Started the bot..."}
{"level":"info","message":"info: Slash Command Loaded: 247"}
{"level":"info","message":"info: Slash Command Loaded: autopause"}
{"level":"info","message":"info: Slash Command Loaded: autoqueue"}
{"level":"info","message":"info: Slash Command Loaded: clean"}
{"level":"info","message":"info: Slash Command Loaded: clear"}
{"level":"info","message":"info: Slash Command Loaded: filters"}
{"level":"info","message":"info: Slash Command Loaded: help"}
{"level":"info","message":"info: Slash Command Loaded: invite"}
{"level":"info","message":"info: Slash Command Loaded: loop"}
{"level":"info","message":"info: Slash Command Loaded: loopq"}
{"level":"info","message":"info: Slash Command Loaded: lyrics"}
{"level":"info","message":"info: Slash Command Loaded: move"}
{"level":"info","message":"info: Slash Command Loaded: nowplaying"}
{"level":"info","message":"info: Slash Command Loaded: pause"}
{"level":"info","message":"info: Slash Command Loaded: ping"}
{"level":"info","message":"info: Slash Command Loaded: play"}
{"level":"info","message":"info: Slash Command Loaded: previous"}
{"level":"info","message":"info: Slash Command Loaded: queue"}
{"level":"info","message":"info: Slash Command Loaded: reload"}
{"level":"info","message":"info: Slash Command Loaded: remove"}
{"level":"info","message":"info: Slash Command Loaded: replay"}
{"level":"info","message":"info: Slash Command Loaded: resume"}
{"level":"info","message":"info: Slash Command Loaded: save"}
{"level":"info","message":"info: Slash Command Loaded: search"}
{"level":"info","message":"info: Slash Command Loaded: seek"}
{"level":"info","message":"info: Slash Command Loaded: shuffle"}
{"level":"info","message":"info: Slash Command Loaded: skip"}
{"level":"info","message":"info: Slash Command Loaded: skipto"}
{"level":"info","message":"info: Slash Command Loaded: stats"}
{"level":"info","message":"info: Slash Command Loaded: stop"}
{"level":"info","message":"info: Slash Command Loaded: summon"}
{"level":"info","message":"info: Slash Command Loaded: volume"}
{"level":"info","message":"info: ContextMenu Loaded: hi"}
{"level":"warn","message":"warn: Event Loaded: interactionCreate"}
{"level":"warn","message":"warn: Event Loaded: messageCreate"}
{"level":"warn","message":"warn: Event Loaded: messageDelete"}
{"level":"warn","message":"warn: Event Loaded: raw"}
{"level":"warn","message":"warn: Event Loaded: ready"}
{"level":"warn","message":"warn: Event Loaded: voiceStateUpdate"}
{"level":"info","message":"info: Successfully Logged in as FAIAAA Music#4209"}
{"level":"info","message":"info: Node: Main Node | Lavalink node is connected."}
{"level":"warn","message":"warn: Player: 732696984775032922 | A wild player has been created in ΔΩΨ"}
{"level":"warn","message":"warn: Player: 732696984775032922 | Track has been started playing [\u001b[34mQUEVEDO || BZRP Music Sessions #52\u001b[39m]"}
{"level":"warn","message":"warn: Player: 732696984775032922 | A wild player has been destroyed in ΔΩΨ"}
{"level":"warn","message":"warn: Started the bot..."}
{"level":"info","message":"info: ContextMenu Loaded: hi"}
{"level":"warn","message":"warn: Event Loaded: interactionCreate"}
{"level":"warn","message":"warn: Event Loaded: messageCreate"}
{"level":"warn","message":"warn: Event Loaded: messageDelete"}
{"level":"warn","message":"warn: Event Loaded: raw"}
{"level":"warn","message":"warn: Event Loaded: ready"}
{"level":"warn","message":"warn: Event Loaded: voiceStateUpdate"}
{"level":"info","message":"info: Slash Command Loaded: 247"}
{"level":"info","message":"info: Slash Command Loaded: autopause"}
{"level":"info","message":"info: Slash Command Loaded: autoqueue"}
{"level":"info","message":"info: Slash Command Loaded: clean"}
{"level":"info","message":"info: Slash Command Loaded: clear"}
{"level":"info","message":"info: Slash Command Loaded: filters"}
{"level":"info","message":"info: Slash Command Loaded: help"}
{"level":"info","message":"info: Slash Command Loaded: invite"}
{"level":"info","message":"info: Slash Command Loaded: loop"}
{"level":"info","message":"info: Slash Command Loaded: loopq"}
{"level":"info","message":"info: Slash Command Loaded: lyrics"}
{"level":"info","message":"info: Slash Command Loaded: move"}
{"level":"info","message":"info: Slash Command Loaded: nowplaying"}
{"level":"info","message":"info: Slash Command Loaded: pause"}
{"level":"info","message":"info: Slash Command Loaded: ping"}
{"level":"info","message":"info: Slash Command Loaded: play"}
{"level":"info","message":"info: Slash Command Loaded: previous"}
{"level":"info","message":"info: Slash Command Loaded: queue"}
{"level":"info","message":"info: Slash Command Loaded: reload"}
{"level":"info","message":"info: Slash Command Loaded: remove"}
{"level":"info","message":"info: Slash Command Loaded: replay"}
{"level":"info","message":"info: Slash Command Loaded: resume"}
{"level":"info","message":"info: Slash Command Loaded: save"}
{"level":"info","message":"info: Slash Command Loaded: search"}
{"level":"info","message":"info: Slash Command Loaded: seek"}
{"level":"info","message":"info: Slash Command Loaded: shuffle"}
{"level":"info","message":"info: Slash Command Loaded: skip"}
{"level":"info","message":"info: Slash Command Loaded: skipto"}
{"level":"info","message":"info: Slash Command Loaded: stats"}
{"level":"info","message":"info: Slash Command Loaded: stop"}
{"level":"info","message":"info: Slash Command Loaded: summon"}
{"level":"info","message":"info: Slash Command Loaded: volume"}
{"level":"info","message":"info: Successfully Logged in as FAIAAA Music#4209"}
{"level":"info","message":"info: Node: Main Node | Lavalink node is connected."}
{"level":"warn","message":"warn: Player: 732696984775032922 | A wild player has been created in ΔΩΨ"}
{"level":"warn","message":"warn: Player: 732696984775032922 | Track has been started playing [\u001b[34mQUEVEDO || BZRP Music Sessions #52\u001b[39m]"}
{"level":"warn","message":"warn: Player: 732696984775032922 | A wild player has been destroyed in ΔΩΨ"}
{"level":"warn","message":"warn: Started the bot..."}
{"level":"info","message":"info: Slash Command Loaded: 247"}
{"level":"info","message":"info: Slash Command Loaded: autopause"}
{"level":"info","message":"info: Slash Command Loaded: autoqueue"}
{"level":"info","message":"info: Slash Command Loaded: clean"}
{"level":"info","message":"info: Slash Command Loaded: clear"}
{"level":"info","message":"info: Slash Command Loaded: filters"}
{"level":"info","message":"info: Slash Command Loaded: help"}
{"level":"info","message":"info: Slash Command Loaded: invite"}
{"level":"info","message":"info: Slash Command Loaded: loop"}
{"level":"info","message":"info: Slash Command Loaded: loopq"}
{"level":"info","message":"info: Slash Command Loaded: lyrics"}
{"level":"info","message":"info: Slash Command Loaded: move"}
{"level":"info","message":"info: Slash Command Loaded: nowplaying"}
{"level":"info","message":"info: Slash Command Loaded: pause"}
{"level":"info","message":"info: Slash Command Loaded: ping"}
{"level":"info","message":"info: Slash Command Loaded: play"}
{"level":"info","message":"info: Slash Command Loaded: previous"}
{"level":"info","message":"info: Slash Command Loaded: queue"}
{"level":"info","message":"info: Slash Command Loaded: reload"}
{"level":"info","message":"info: Slash Command Loaded: remove"}
{"level":"info","message":"info: Slash Command Loaded: replay"}
{"level":"info","message":"info: Slash Command Loaded: resume"}
{"level":"info","message":"info: Slash Command Loaded: save"}
{"level":"info","message":"info: Slash Command Loaded: search"}
{"level":"info","message":"info: Slash Command Loaded: seek"}
{"level":"info","message":"info: Slash Command Loaded: shuffle"}
{"level":"info","message":"info: Slash Command Loaded: skip"}
{"level":"info","message":"info: Slash Command Loaded: skipto"}
{"level":"info","message":"info: Slash Command Loaded: stats"}
{"level":"info","message":"info: Slash Command Loaded: stop"}
{"level":"info","message":"info: Slash Command Loaded: summon"}
{"level":"info","message":"info: Slash Command Loaded: volume"}
{"level":"info","message":"info: ContextMenu Loaded: hi"}
{"level":"warn","message":"warn: Event Loaded: interactionCreate"}
{"level":"warn","message":"warn: Event Loaded: messageCreate"}
{"level":"warn","message":"warn: Event Loaded: messageDelete"}
{"level":"warn","message":"warn: Event Loaded: raw"}
{"level":"warn","message":"warn: Event Loaded: ready"}
{"level":"warn","message":"warn: Event Loaded: voiceStateUpdate"}
{"level":"info","message":"info: Successfully Logged in as FAIAAA Music#4209"}
{"level":"info","message":"info: Node: Main Node | Lavalink node is connected."}
{"level":"warn","message":"warn: Player: 732696984775032922 | A wild player has been created in ΔΩΨ"}
{"level":"warn","message":"warn: Player: 732696984775032922 | Track has been started playing [\u001b[34mQUEVEDO || BZRP Music Sessions #52 \ud83d\udd25| LETRA\u001b[39m]"}
{"level":"warn","message":"warn: Player: 732696984775032922 | A wild player has been destroyed in ΔΩΨ"}
{"level":"warn","message":"warn: Player: 732696984775032922 | A wild player has been created in ΔΩΨ"}
{"level":"warn","message":"warn: Player: 732696984775032922 | Track has been started playing [\u001b[34mQUEVEDO || BZRP Music Sessions #52\u001b[39m]"}
{"level":"warn","message":"warn: Player: 732696984775032922 | A wild player has been destroyed in ΔΩΨ"}
